
####################################################################
#    Written by Danilo de P. Kuritza <danilokuritza@gmail.com>     #
#    Last updated on, Dec-10-2020                                  #
#                                                                  #
#    This script was created in order to calculate the biaxial     # 
#    strain (X and Y directions) in 2D materials. To work, copy    #
#    the POTCAR and POSCAR files of the desired material in the    #
#    same directory as ./strain.sh.                                #
#                                                                  #
#    How to run: nohup bash strain.sh > saida.out 2> job.err &     #
#                                                                  #
#    WARNING: If possible, install ssmtp via apt install before    #
#    runing the script!                                            #
####################################################################

Checking POSCAR and POTCAR files: Files are OK! Moving on...

Preparing structure: Finished!

Running -1.00% strain: Finished!
time: 1079 s

Running -0.50% strain: Finished!
time: 1460 s

Running 0.00% strain: Finished!
time: 1611 s

Running 0.50% strain: Finished!
time: 1973 s

Running 1.00% strain: Finished!
time: 2422 s

email sent to: danilokuritza@gmail.com


This is the end my friend!
